<?xml version="1.0" encoding="UTF-8"?>
<!-- Generated by org.testng.reporters.JUnitReportReporter -->
<testsuite hostname="Danish_Sayed" failures="0" tests="1" name="AppiumAutomation.MobileApplication.eCommerce2" time="30.317" errors="0" timestamp="31 May 2023 06:02:10 GMT" skipped="0">
  <testcase classname="AppiumAutomation.MobileApplication.eCommerce2" name="FillForm" time="30.317"/>
</testsuite> <!-- AppiumAutomation.MobileApplication.eCommerce2 -->
