<?xml version="1.0" encoding="UTF-8"?>
<!-- Generated by org.testng.reporters.JUnitReportReporter -->
<testsuite hostname="Danish_Sayed" failures="0" tests="1" name="AppiumAutomation.MobileApplication.eCommerce3" time="26.586" errors="0" timestamp="04 Jun 2023 06:52:36 GMT" skipped="0">
  <testcase classname="AppiumAutomation.MobileApplication.eCommerce3" name="FillForm" time="26.586"/>
</testsuite> <!-- AppiumAutomation.MobileApplication.eCommerce3 -->
