<?xml version="1.0" encoding="UTF-8"?>
<!-- Generated by org.testng.reporters.JUnitReportReporter -->
<testsuite hostname="Danish_Sayed" failures="0" tests="1" name="AppiumAutomation.MobileApplication.DragAndDrop" time="6.681" errors="0" timestamp="30 May 2023 05:17:49 GMT" skipped="0">
  <testcase classname="AppiumAutomation.MobileApplication.DragAndDrop" name="SwipeDemo" time="6.681"/>
</testsuite> <!-- AppiumAutomation.MobileApplication.DragAndDrop -->
