<?xml version="1.0" encoding="UTF-8"?>
<!-- Generated by org.testng.reporters.JUnitReportReporter -->
<testsuite hostname="Danish_Sayed" failures="0" tests="1" name="AppiumAutomation.MobileApplication.AppiumBasics" time="8.335" errors="0" timestamp="28 May 2023 14:28:37 GMT" skipped="0">
  <testcase classname="AppiumAutomation.MobileApplication.AppiumBasics" name="WifiSettings" time="8.335"/>
</testsuite> <!-- AppiumAutomation.MobileApplication.AppiumBasics -->
