<?xml version="1.0" encoding="UTF-8"?>
<!-- Generated by org.testng.reporters.JUnitReportReporter -->
<testsuite hostname="Danish_Sayed" failures="0" tests="1" name="AppiumAutomation.MobileApplication.Swipe" time="8.178" errors="0" timestamp="29 May 2023 09:24:37 GMT" skipped="0">
  <testcase classname="AppiumAutomation.MobileApplication.Swipe" name="SwipeDemo" time="8.178"/>
</testsuite> <!-- AppiumAutomation.MobileApplication.Swipe -->
