<?xml version="1.0" encoding="UTF-8"?>
<!-- Generated by org.testng.reporters.JUnitReportReporter -->
<testsuite hostname="Danish_Sayed" failures="0" tests="1" name="AppiumAutomation.MobileApplication.ScrollPage" time="17.814" errors="0" timestamp="29 May 2023 08:36:07 GMT" skipped="0">
  <testcase classname="AppiumAutomation.MobileApplication.ScrollPage" name="Scroll" time="17.814"/>
</testsuite> <!-- AppiumAutomation.MobileApplication.ScrollPage -->
