<?xml version="1.0" encoding="UTF-8"?>
<!-- Generated by org.testng.reporters.JUnitReportReporter -->
<testsuite hostname="Danish_Sayed" failures="0" tests="1" name="AppiumAutomation.MobileApplication.LongPress" time="11.348" errors="0" timestamp="29 May 2023 06:13:06 GMT" skipped="0">
  <testcase classname="AppiumAutomation.MobileApplication.LongPress" name="LongPress" time="11.348"/>
</testsuite> <!-- AppiumAutomation.MobileApplication.LongPress -->
