<?xml version="1.0" encoding="UTF-8"?>
<!-- Generated by org.testng.reporters.JUnitReportReporter -->
<testsuite hostname="Danish_Sayed" failures="0" tests="1" name="AppiumAutomation.MobileApplication.eCommerce4" time="32.559" errors="0" timestamp="14 Jun 2023 10:36:36 GMT" skipped="0">
  <testcase classname="AppiumAutomation.MobileApplication.eCommerce4" name="FillForm" time="32.559"/>
</testsuite> <!-- AppiumAutomation.MobileApplication.eCommerce4 -->
