<?xml version="1.0" encoding="UTF-8"?>
<!-- Generated by org.testng.reporters.JUnitReportReporter -->
<testsuite hostname="Danish_Sayed" failures="0" tests="1" name="AppiumAutomation.MobileApplication.eCommerce" time="14.590" errors="0" timestamp="07 Jun 2023 10:55:37 GMT" skipped="0">
  <testcase classname="AppiumAutomation.MobileApplication.eCommerce" name="FillForm" time="14.590"/>
</testsuite> <!-- AppiumAutomation.MobileApplication.eCommerce -->
