<?xml version="1.0" encoding="UTF-8"?>
<!-- Generated by org.testng.reporters.JUnitReportReporter -->
<testsuite hostname="Danish_Sayed" failures="0" tests="1" name="org.AppiumAutomation.eCommerce4" time="27.604" errors="0" timestamp="14 Jun 2023 11:54:04 GMT" skipped="0">
  <testcase classname="org.AppiumAutomation.eCommerce4" name="FillForm" time="27.604"/>
</testsuite> <!-- org.AppiumAutomation.eCommerce4 -->
